Colt who is aCat belonging toFeline is  is roaming like a Feline.
Cam who is aCat belonging toFeline is  is eating like a Cat.
Tim who is aTiger belonging toFeline is Waking up.
Tan who is aTiger belonging toFeline is Waking up.
Lucy who is aLion belonging toFeline is Waking up.
Lidia who is aLion belonging toFeline is Waking up.
Ed who is aElephant belonging to Pachderm is Waking up.
Ema who is aElephant belonging to Pachderm is Waking up.
Henry who is aHippo belonging to Pachderm is Waking up.
Holt who is aHippo belonging to Pachderm is Waking up.
Rim who is aRhino belonging to Pachderm is Waking up.
Rob who is aRhino belonging to Pachderm is Waking up.
Will who is aWolf belonging to Canine is Waking like Canine.
War who is aWolf belonging to Canine is Waking like Canine.
Dale who is aDog belonging to Canine is is waking up like a Dog.
Dan who is aDog belonging to Canine is is waking up like a Dog.
Colt who is aCat belonging toFeline is  is making noise like a Cat.
Cam who is aCat belonging toFeline is  is sleeping.
Tim who is aTiger belonging toFeline is is making noise like a Tiger.
Tan who is aTiger belonging toFeline is is making noise like a Tiger.
Lucy who is aLion belonging toFeline is is making noise like a Lion.
Lidia who is aLion belonging toFeline is is making noise like a Lion.
Ed who is aElephant belonging to Pachderm is is making noise like an Elephant.
Ema who is aElephant belonging to Pachderm is is making noise like an Elephant.
Henry who is aHippo belonging to Pachderm is is making noise like a Hippo.
Holt who is aHippo belonging to Pachderm is is making noise like a Hippo.
Rim who is aRhino belonging to Pachderm is is making noise like a Rhino.
Rob who is aRhino belonging to Pachderm is is making noise like a Rhino.
Will who is aWolf belonging to Canine is making noise like Canine.
War who is aWolf belonging to Canine is making noise like Canine.
Dale who is aDog belonging to Canine is is making noise like a Dog.
Dan who is aDog belonging to Canine is is making noise like a Dog.
Colt who is aCat belonging toFeline is  is sleeping.
Cam who is aCat belonging toFeline is  is eating like a Cat.
Tim who is aTiger belonging toFeline is eating like Feline.
Tan who is aTiger belonging toFeline is eating like Feline.
Lucy who is aLion belonging toFeline is eating like Feline.
Lidia who is aLion belonging toFeline is eating like Feline.
Ed who is aElephant belonging to Pachderm is eating like Pachyderm.
Ema who is aElephant belonging to Pachderm is eating like Pachyderm.
Henry who is aHippo belonging to Pachderm is is eating like a Hippo.
Holt who is aHippo belonging to Pachderm is is eating like a Hippo.
Rim who is aRhino belonging to Pachderm is eating like Pachyderm.
Rob who is aRhino belonging to Pachderm is eating like Pachyderm.
Will who is aWolf belonging to Canine is Eating.
War who is aWolf belonging to Canine is Eating.
Dale who is aDog belonging to Canine is is eating like a Dog.
Dan who is aDog belonging to Canine is is eating like a Dog.
Colt who is aCat belonging toFeline is  is waking up.
Cam who is aCat belonging toFeline is  is waking up.
Tim who is aTiger belonging toFeline is roaming like Feline.
Tan who is aTiger belonging toFeline is roaming like Feline.
Lucy who is aLion belonging toFeline is is roaming like a Lion.
Lidia who is aLion belonging toFeline is is roaming like a Lion.
Ed who is aElephant belonging to Pachderm is Roaming.
Ema who is aElephant belonging to Pachderm is Roaming.
Henry who is aHippo belonging to Pachderm is is roaming like a Hippo.
Holt who is aHippo belonging to Pachderm is is roaming like a Hippo.
Rim who is aRhino belonging to Pachderm is Roaming.
Rob who is aRhino belonging to Pachderm is Roaming.
Will who is aWolf belonging to Canine is Roaming.
War who is aWolf belonging to Canine is Roaming.
Dale who is aDog belonging to Canine is is roaming like a Dog.
Dan who is aDog belonging to Canine is is roaming like a Dog.
Colt who is aCat belonging toFeline is  is sleeping.
Cam who is aCat belonging toFeline is  is eating like a Cat.
Tim who is aTiger belonging toFeline is Sleeping.
Tan who is aTiger belonging toFeline is Sleeping.
Lucy who is aLion belonging toFeline is Sleeping.
Lidia who is aLion belonging toFeline is Sleeping.
Ed who is aElephant belonging to Pachderm is Sleeping.
Ema who is aElephant belonging to Pachderm is Sleeping.
Henry who is aHippo belonging to Pachderm is Sleeping.
Holt who is aHippo belonging to Pachderm is Sleeping.
Rim who is aRhino belonging to Pachderm is is sleeping like a Rhino.
Rob who is aRhino belonging to Pachderm is is sleeping like a Rhino.
Will who is aWolf belonging to Canine is Sleeping.
War who is aWolf belonging to Canine is Sleeping.
Dale who is aDog belonging to Canine is is sleeping like a Dog.
Dan who is aDog belonging to Canine is is sleeping like a Dog.
